[2025-09-02 10:09:32] News Crawler Cron 実行開始
[2025-09-02 10:09:32] スクリプトディレクトリ: /var/www/html/wp-content/plugins/news-crawler
[2025-09-02 10:09:32] WordPressパス: /var/www/html/
[2025-09-02 10:09:32] プラグインパス: /var/www/html/wp-content/plugins/news-crawler/
[2025-09-02 10:09:44] News Crawler Cron 実行開始
[2025-09-02 10:09:44] スクリプトディレクトリ: /var/www/html/wp-content/plugins/news-crawler
[2025-09-02 10:09:44] WordPressパス: /var/www/html/
[2025-09-02 10:09:44] プラグインパス: /var/www/html/wp-content/plugins/news-crawler/
[2025-09-02 10:09:45] 取得したサイトURL: http://localhost:8081
[2025-09-02 10:09:45] HTTPリクエスト経由でNews Crawlerを実行中...
[2025-09-02 10:09:45] HTTPリクエスト経由でNews Crawlerを実行しました
[2025-09-02 10:09:45] News Crawler Cron 実行終了
---
[2025-09-02 10:10:01] News Crawler Cron 実行開始
[2025-09-02 10:10:01] スクリプトディレクトリ: /var/www/html/wp-content/plugins/news-crawler
[2025-09-02 10:10:01] WordPressパス: /var/www/html/
[2025-09-02 10:10:01] プラグインパス: /var/www/html/wp-content/plugins/news-crawler/
[2025-09-02 10:10:01] 取得したサイトURL: 
[2025-09-02 10:10:01] HTTPリクエスト経由でNews Crawlerを実行中...
[2025-09-02 10:10:02] HTTPリクエスト経由でNews Crawlerを実行しました
[2025-09-02 10:10:02] News Crawler Cron 実行終了
---
[2025-09-02 10:11:01] News Crawler Cron 実行開始
[2025-09-02 10:11:01] スクリプトディレクトリ: /var/www/html/wp-content/plugins/news-crawler
[2025-09-02 10:11:01] WordPressパス: /var/www/html/
[2025-09-02 10:11:01] プラグインパス: /var/www/html/wp-content/plugins/news-crawler/
[2025-09-02 10:11:01] 取得したサイトURL: 
[2025-09-02 10:11:01] HTTPリクエスト経由でNews Crawlerを実行中...
[2025-09-02 10:11:01] HTTPリクエスト経由でNews Crawlerを実行しました
[2025-09-02 10:11:01] News Crawler Cron 実行終了
---
[2025-09-02 10:20:01] News Crawler Cron 実行開始
[2025-09-02 10:20:01] スクリプトディレクトリ: /var/www/html/wp-content/plugins/news-crawler
[2025-09-02 10:20:01] WordPressパス: /var/www/html/
[2025-09-02 10:20:01] プラグインパス: /var/www/html/wp-content/plugins/news-crawler/
[2025-09-02 10:20:01] 取得したサイトURL: 
[2025-09-02 10:20:01] HTTPリクエスト経由でNews Crawlerを実行中...
[2025-09-02 10:20:01] HTTPリクエスト経由でNews Crawlerを実行しました
[2025-09-02 10:20:01] News Crawler Cron 実行終了
---
[2025-09-02 10:21:01] News Crawler Cron 実行開始
[2025-09-02 10:21:01] スクリプトディレクトリ: /var/www/html/wp-content/plugins/news-crawler
[2025-09-02 10:21:01] WordPressパス: /var/www/html/
[2025-09-02 10:21:01] プラグインパス: /var/www/html/wp-content/plugins/news-crawler/
[2025-09-02 10:21:01] 取得したサイトURL: 
[2025-09-02 10:21:01] HTTPリクエスト経由でNews Crawlerを実行中...
[2025-09-02 10:21:01] HTTPリクエスト経由でNews Crawlerを実行しました
[2025-09-02 10:21:01] News Crawler Cron 実行終了
---
[2025-09-02 11:17:01] News Crawler Cron 実行開始
[2025-09-02 11:17:01] スクリプトディレクトリ: /var/www/html/wp-content/plugins/news-crawler
[2025-09-02 11:17:01] WordPressパス: /var/www/html/
[2025-09-02 11:17:01] プラグインパス: /var/www/html/wp-content/plugins/news-crawler/
[2025-09-02 11:17:01] 取得したサイトURL: 
[2025-09-02 11:17:01] HTTPリクエスト経由でNews Crawlerを実行中...
[2025-09-02 11:17:01] HTTPリクエスト経由でNews Crawlerを実行しました
[2025-09-02 11:17:01] News Crawler Cron 実行終了
---
[2025-09-02 11:18:01] News Crawler Cron 実行開始
[2025-09-02 11:18:01] スクリプトディレクトリ: /var/www/html/wp-content/plugins/news-crawler
[2025-09-02 11:18:01] WordPressパス: /var/www/html/
[2025-09-02 11:18:01] プラグインパス: /var/www/html/wp-content/plugins/news-crawler/
[2025-09-02 11:18:01] 取得したサイトURL: 
[2025-09-02 11:18:01] HTTPリクエスト経由でNews Crawlerを実行中...
[2025-09-02 11:18:01] HTTPリクエスト経由でNews Crawlerを実行しました
[2025-09-02 11:18:01] News Crawler Cron 実行終了
---
[2025-09-02 11:31:14] News Crawler Cron 実行開始
[2025-09-02 11:31:14] スクリプトディレクトリ: /var/www/html/wp-content/plugins/news-crawler
[2025-09-02 11:31:14] WordPressパス: /var/www/html/
[2025-09-02 11:31:14] プラグインパス: /var/www/html/wp-content/plugins/news-crawler/
[2025-09-02 11:31:15] 取得したサイトURL: http://localhost:8081
[2025-09-02 11:31:15] HTTPリクエスト経由でNews Crawlerを実行中...
[2025-09-02 11:31:15] HTTPリクエスト経由でNews Crawlerを実行しました
[2025-09-02 11:31:15] News Crawler Cron 実行終了
---
[2025-09-02 11:31:44] News Crawler Cron 実行開始
[2025-09-02 11:31:44] スクリプトディレクトリ: /var/www/html/wp-content/plugins/news-crawler
[2025-09-02 11:31:44] WordPressパス: /var/www/html/
[2025-09-02 11:31:44] プラグインパス: /var/www/html/wp-content/plugins/news-crawler/
[2025-09-02 11:31:45] 取得したサイトURL: http://host.docker.internal:8081
[2025-09-02 11:31:45] HTTPリクエスト経由でNews Crawlerを実行中...
Security check failed. Please try again.[2025-09-02 11:31:46] HTTPリクエスト経由でNews Crawlerを実行しました
[2025-09-02 11:31:46] News Crawler Cron 実行終了
---
[2025-09-02 11:32:01] News Crawler Cron 実行開始
[2025-09-02 11:32:01] スクリプトディレクトリ: /var/www/html/wp-content/plugins/news-crawler
[2025-09-02 11:32:01] WordPressパス: /var/www/html/
[2025-09-02 11:32:01] プラグインパス: /var/www/html/wp-content/plugins/news-crawler/
[2025-09-02 11:32:02] 取得したサイトURL: http://host.docker.internal:8081
[2025-09-02 11:32:02] HTTPリクエスト経由でNews Crawlerを実行中...
[2025-09-02 11:32:03] 生成されたnonce: 2251dc1f6b
Security check failed. Please try again.[2025-09-02 11:32:04] HTTPリクエスト経由でNews Crawlerを実行しました
[2025-09-02 11:32:04] News Crawler Cron 実行終了
---
[2025-09-02 11:32:24] News Crawler Cron 実行開始
[2025-09-02 11:32:24] スクリプトディレクトリ: /var/www/html/wp-content/plugins/news-crawler
[2025-09-02 11:32:24] WordPressパス: /var/www/html/
[2025-09-02 11:32:24] プラグインパス: /var/www/html/wp-content/plugins/news-crawler/
[2025-09-02 11:32:24] PHP直接実行でNews Crawlerを実行中...
[2025-09-02 19:00:01] News Crawler Cron 実行開始
[2025-09-02 19:00:01] スクリプトディレクトリ: /var/www/html/wp-content/plugins/news-crawler
[2025-09-02 19:00:01] WordPressパス: /var/www/html/
[2025-09-02 19:00:01] プラグインパス: /var/www/html/wp-content/plugins/news-crawler/
[2025-09-02 19:00:01] PHP直接実行でNews Crawlerを実行中...
/var/www/html/wp-content/plugins/news-crawler/news-crawler-cron.sh: line 47: php: command not found
[2025-09-02 19:00:01] PHP直接実行でNews Crawlerを実行しました
[2025-09-02 19:00:01] 取得したサイトURL: 
[2025-09-02 19:00:01] HTTPリクエスト経由でNews Crawlerを実行中...
[2025-09-02 19:00:01] 生成されたnonce: 
[2025-09-02 19:00:01] HTTPリクエスト経由でNews Crawlerを実行しました
[2025-09-02 19:00:01] News Crawler Cron 実行終了
---
[2025-09-03 10:43:17] News Crawler Cron 実行開始
[2025-09-03 10:43:17] スクリプトディレクトリ: /Users/kantanpro/Desktop/KantanPro/wordpress/wp-content/plugins/news-crawler
[2025-09-03 10:43:17] WordPressパス: /Users/kantanpro/Desktop/KantanPro/wordpress/
[2025-09-03 10:43:17] プラグインパス: /Users/kantanpro/Desktop/KantanPro/wordpress/wp-content/plugins/news-crawler/
[2025-09-03 10:44:08] News Crawler Cron 実行開始
[2025-09-03 10:44:08] スクリプトディレクトリ: /Users/kantanpro/Desktop/KantanPro/wordpress/wp-content/plugins/news-crawler
[2025-09-03 10:44:08] WordPressパス: /Users/kantanpro/Desktop/KantanPro/wordpress/
[2025-09-03 10:44:08] プラグインパス: /Users/kantanpro/Desktop/KantanPro/wordpress/wp-content/plugins/news-crawler/
[2025-09-03 10:44:34] News Crawler Cron 実行開始
[2025-09-03 10:44:34] スクリプトディレクトリ: /Users/kantanpro/Desktop/KantanPro/wordpress/wp-content/plugins/news-crawler
[2025-09-03 10:44:34] WordPressパス: /Users/kantanpro/Desktop/KantanPro/wordpress/
[2025-09-03 10:44:34] プラグインパス: /Users/kantanpro/Desktop/KantanPro/wordpress/wp-content/plugins/news-crawler/
[2025-09-03 10:44:34] wp-cli経由でNews Crawlerを実行中...
Debug (bootstrap): Processing bootstrap step: WP_CLI\Bootstrap\DeclareAbstractBaseCommand (0.021s)
Debug (bootstrap): Processing bootstrap step: WP_CLI\Bootstrap\IncludeFrameworkAutoloader (0.021s)
Debug (bootstrap): Processing bootstrap step: WP_CLI\Bootstrap\ConfigureRunner (0.021s)
Debug (bootstrap): Processing bootstrap step: WP_CLI\Bootstrap\IncludeRequestsAutoloader (0.021s)
Debug (bootstrap): Setting RequestsLibrary::$version to v2 (0.021s)
Debug (bootstrap): Setting RequestsLibrary::$source to wp-cli (0.021s)
Debug (bootstrap): Setting RequestsLibrary::$class_name to \WpOrg\Requests\Requests (0.021s)
Debug (bootstrap): Processing bootstrap step: WP_CLI\Bootstrap\InitializeColorization (0.021s)
Debug (bootstrap): Processing bootstrap step: WP_CLI\Bootstrap\InitializeLogger (0.021s)
Debug (bootstrap): Processing bootstrap step: WP_CLI\Bootstrap\DefineProtectedCommands (0.021s)
Debug (bootstrap): Processing bootstrap step: WP_CLI\Bootstrap\LoadExecCommand (0.022s)
Debug (bootstrap): Processing bootstrap step: WP_CLI\Bootstrap\LoadRequiredCommand (0.022s)
Debug (bootstrap): Processing bootstrap step: WP_CLI\Bootstrap\IncludePackageAutoloader (0.023s)
Debug (bootstrap): Processing bootstrap step: WP_CLI\Bootstrap\IncludeFallbackAutoloader (0.024s)
Debug (bootstrap): Fallback autoloader paths: phar://wp-cli.phar/vendor/autoload.php (0.024s)
Debug (bootstrap): Loading detected autoloader: phar://wp-cli.phar/vendor/autoload.php (0.024s)
Debug (commands): Adding command: config (0.03s)
Debug (commands): Adding command: core (0.032s)
Debug (commands): Adding command: eval (0.032s)
Debug (commands): Adding command: eval-file (0.032s)
Debug (commands): Adding command: cache (0.033s)
Debug (commands): Adding command: transient (0.033s)
Debug (commands): Adding command: verify-checksums in core Namespace (0.034s)
Debug (commands): Adding command: plugin (0.034s)
Debug (commands): Adding command: verify-checksums in plugin Namespace (0.035s)
Debug (commands): Adding command: cron (0.035s)
Debug (commands): Adding command: event in cron Namespace (0.037s)
Debug (commands): Adding command: schedule in cron Namespace (0.037s)
Debug (commands): Adding command: db (0.039s)
Debug (commands): Adding command: embed (0.039s)
Debug (commands): Adding command: fetch in embed Namespace (0.04s)
Debug (commands): Adding command: provider in embed Namespace (0.04s)
Debug (commands): Adding command: handler in embed Namespace (0.041s)
Debug (commands): Adding command: cache in embed Namespace (0.041s)
Debug (commands): Adding command: comment (0.043s)
Debug (commands): Adding command: meta in comment Namespace (0.044s)
Debug (commands): Adding command: menu (0.044s)
Debug (commands): Adding command: item in menu Namespace (0.045s)
Debug (commands): Adding command: location in menu Namespace (0.045s)
Debug (commands): Deferring command: network meta (0.045s)
Debug (commands): Adding command: option (0.046s)
Debug (commands): Adding command: post (0.047s)
Debug (commands): Adding command: meta in post Namespace (0.048s)
Debug (commands): Adding command: term in post Namespace (0.048s)
Debug (commands): Adding command: post-type (0.049s)
Debug (commands): Adding command: site (0.05s)
Debug (commands): Adding command: meta in site Namespace (0.051s)
Debug (commands): Adding command: option in site Namespace (0.051s)
Debug (commands): Adding command: taxonomy (0.052s)
Debug (commands): Adding command: term (0.053s)
Debug (commands): Adding command: meta in term Namespace (0.054s)
Debug (commands): Adding command: user (0.055s)
Debug (commands): Adding command: application-password in user Namespace (0.055s)
Debug (commands): Adding command: meta in user Namespace (0.056s)
Debug (commands): Adding command: session in user Namespace (0.056s)
Debug (commands): Adding command: term in user Namespace (0.056s)
Debug (commands): Adding command: network (0.057s)
Debug (hooks): Processing hook "after_add_command:network" with 1 callbacks (0.057s)
Debug (hooks): On hook "after_add_command:network": Closure in file phar:///usr/local/bin/wp/vendor/wp-cli/wp-cli/php/class-wp-cli.php at line 695 (0.057s)
Debug (commands): Adding command: meta in network Namespace (0.057s)
Debug (commands): Adding command: export (0.057s)
Debug (commands): Adding command: plugin (0.061s)
Debug (commands): Adding command: auto-updates in plugin Namespace (0.061s)
Debug (commands): Adding command: theme (0.062s)
Debug (commands): Adding command: auto-updates in theme Namespace (0.063s)
Debug (commands): Adding command: mod in theme Namespace (0.063s)
Debug (commands): Adding command: i18n (0.063s)
Debug (commands): Adding command: make-pot in i18n Namespace (0.064s)
Debug (commands): Adding command: make-json in i18n Namespace (0.065s)
Debug (commands): Adding command: make-mo in i18n Namespace (0.065s)
Debug (commands): Adding command: update-po in i18n Namespace (0.066s)
Debug (commands): Adding command: import (0.066s)
Debug (commands): Deferring command: language core (0.067s)
Debug (commands): Deferring command: language plugin (0.068s)
Debug (commands): Deferring command: language theme (0.068s)
Debug (hooks): Immediately invoking on passed hook "after_add_command:site": Closure in file phar:///usr/local/bin/wp/vendor/wp-cli/language-command/language-command.php at line 39 (0.068s)
Debug (commands): Adding command: switch-language in site Namespace (0.068s)
Debug (commands): Adding command: language (0.069s)
Debug (hooks): Processing hook "after_add_command:language" with 3 callbacks (0.069s)
Debug (hooks): On hook "after_add_command:language": Closure in file phar:///usr/local/bin/wp/vendor/wp-cli/wp-cli/php/class-wp-cli.php at line 695 (0.069s)
Debug (commands): Adding command: core in language Namespace (0.069s)
Debug (hooks): On hook "after_add_command:language": Closure in file phar:///usr/local/bin/wp/vendor/wp-cli/wp-cli/php/class-wp-cli.php at line 695 (0.069s)
Debug (commands): Adding command: plugin in language Namespace (0.069s)
Debug (hooks): On hook "after_add_command:language": Closure in file phar:///usr/local/bin/wp/vendor/wp-cli/wp-cli/php/class-wp-cli.php at line 695 (0.069s)
Debug (commands): Adding command: theme in language Namespace (0.069s)
Debug (commands): Adding command: maintenance-mode (0.07s)
Debug (commands): Adding command: media (0.071s)
Debug (commands): Adding command: package (0.073s)
Debug (commands): Adding command: rewrite (0.073s)
Debug (commands): Adding command: rewrite (0.074s)
Debug (commands): Adding command: cap (0.074s)
Debug (commands): Adding command: role (0.075s)
Debug (commands): Adding command: scaffold (0.076s)
Debug (commands): Adding command: search-replace (0.078s)
Debug (commands): Adding command: server (0.078s)
Debug (commands): Adding command: shell (0.079s)
Debug (commands): Adding command: super-admin (0.079s)
Debug (commands): Adding command: widget (0.08s)
Debug (commands): Adding command: sidebar (0.08s)
Debug (bootstrap): Processing bootstrap step: WP_CLI\Bootstrap\RegisterFrameworkCommands (0.08s)
Debug (bootstrap): Adding framework command: phar://wp-cli.phar/vendor/wp-cli/wp-cli/php/commands/cli.php (0.08s)
Debug (commands): Adding command: cli (0.082s)
Debug (commands): Adding command: cache in cli Namespace (0.083s)
Debug (commands): Adding command: alias in cli Namespace (0.083s)
Debug (bootstrap): Adding framework command: phar://wp-cli.phar/vendor/wp-cli/wp-cli/php/commands/help.php (0.083s)
Debug (commands): Adding command: help (0.085s)
Debug (bootstrap): Processing bootstrap step: WP_CLI\Bootstrap\RegisterDeferredCommands (0.085s)
Debug (bootstrap): Processing bootstrap step: WP_CLI\Bootstrap\InitializeContexts (0.085s)
Debug (bootstrap): Processing bootstrap step: WP_CLI\Bootstrap\LaunchRunner (0.087s)
Debug (bootstrap): No readable global config found (0.087s)
Debug (bootstrap): Using project config: /Users/kantanpro/Desktop/KantanPro/wordpress/wp-cli.yml (0.087s)
Debug (bootstrap): argv: /usr/local/bin/wp eval 
        if (class_exists('NewsCrawlerGenreSettings')) {
            $genre_settings = new NewsCrawlerGenreSettings();
            $genre_settings->execute_auto_posting();
            echo 'News Crawler自動投稿を実行しました';
        } else {
            echo 'News CrawlerGenreSettingsクラスが見つかりません';
        }
     (0.087s)
Debug (bootstrap): ABSPATH defined: /var/www/html/ (0.087s)
Debug (bootstrap): Set URL: http://localhost:8080 (0.087s)
Debug (hooks): Processing hook "before_run_command" with 1 callbacks (0.087s)
Debug (hooks): On hook "before_run_command": WP_CLI\Bootstrap\RegisterDeferredCommands->add_deferred_commands() (0.087s)
Debug (bootstrap): Running command: eval (0.088s)
Debug (context): Using context 'cli' (0.091s)
Debug (bootstrap): Begin WordPress load (0.091s)
Error: This does not seem to be a WordPress installation.
The used path is: /var/www/html/
Pass --path=`path/to/wordpress` or run `wp core download`.
[2025-09-03 10:44:35] wp-cli経由でNews Crawlerを実行しました
[2025-09-03 10:44:35] News Crawler Cron 実行終了
---
[2025-09-03 10:45:12] News Crawler Cron 実行開始
[2025-09-03 10:45:12] スクリプトディレクトリ: /Users/kantanpro/Desktop/KantanPro/wordpress/wp-content/plugins/news-crawler
[2025-09-03 10:45:12] WordPressパス: /Users/kantanpro/Desktop/KantanPro/wordpress/
[2025-09-03 10:45:12] プラグインパス: /Users/kantanpro/Desktop/KantanPro/wordpress/wp-content/plugins/news-crawler/
[2025-09-03 10:45:34] News Crawler Cron 実行開始
[2025-09-03 10:45:34] スクリプトディレクトリ: /Users/kantanpro/Desktop/KantanPro/wordpress/wp-content/plugins/news-crawler
[2025-09-03 10:45:34] WordPressパス: /Users/kantanpro/Desktop/KantanPro/wordpress/
[2025-09-03 10:45:34] プラグインパス: /Users/kantanpro/Desktop/KantanPro/wordpress/wp-content/plugins/news-crawler/
[2025-09-03 10:46:18] News Crawler Cron 実行開始
[2025-09-03 10:46:18] スクリプトディレクトリ: /Users/kantanpro/Desktop/KantanPro/wordpress/wp-content/plugins/news-crawler
[2025-09-03 10:46:18] WordPressパス: /Users/kantanpro/Desktop/KantanPro/wordpress/
[2025-09-03 10:46:18] プラグインパス: /Users/kantanpro/Desktop/KantanPro/wordpress/wp-content/plugins/news-crawler/
[2025-09-03 10:46:41] News Crawler Cron 実行開始
[2025-09-03 10:46:41] スクリプトディレクトリ: /Users/kantanpro/Desktop/KantanPro/wordpress/wp-content/plugins/news-crawler
[2025-09-03 10:46:41] WordPressパス: /Users/kantanpro/Desktop/KantanPro/wordpress/
[2025-09-03 10:46:41] プラグインパス: /Users/kantanpro/Desktop/KantanPro/wordpress/wp-content/plugins/news-crawler/
[2025-09-03 10:47:04] News Crawler Cron 実行開始
[2025-09-03 10:47:04] スクリプトディレクトリ: /Users/kantanpro/Desktop/KantanPro/wordpress/wp-content/plugins/news-crawler
[2025-09-03 10:47:04] WordPressパス: /Users/kantanpro/Desktop/KantanPro/wordpress/
[2025-09-03 10:47:04] プラグインパス: /Users/kantanpro/Desktop/KantanPro/wordpress/wp-content/plugins/news-crawler/
[2025-09-03 10:47:28] News Crawler Cron 実行開始
[2025-09-03 10:47:28] スクリプトディレクトリ: /Users/kantanpro/Desktop/KantanPro/wordpress/wp-content/plugins/news-crawler
[2025-09-03 10:47:28] WordPressパス: /Users/kantanpro/Desktop/KantanPro/wordpress/
[2025-09-03 10:47:28] プラグインパス: /Users/kantanpro/Desktop/KantanPro/wordpress/wp-content/plugins/news-crawler/
[2025-09-03 10:47:53] News Crawler Cron 実行開始
[2025-09-03 10:47:53] スクリプトディレクトリ: /Users/kantanpro/Desktop/KantanPro/wordpress/wp-content/plugins/news-crawler
[2025-09-03 10:47:53] WordPressパス: /Users/kantanpro/Desktop/KantanPro/wordpress/
[2025-09-03 10:47:53] プラグインパス: /Users/kantanpro/Desktop/KantanPro/wordpress/wp-content/plugins/news-crawler/
[2025-09-03 10:48:24] News Crawler Cron 実行開始
[2025-09-03 10:48:24] スクリプトディレクトリ: /Users/kantanpro/Desktop/KantanPro/wordpress/wp-content/plugins/news-crawler
[2025-09-03 10:48:24] WordPressパス: /Users/kantanpro/Desktop/KantanPro/wordpress/
[2025-09-03 10:48:24] プラグインパス: /Users/kantanpro/Desktop/KantanPro/wordpress/wp-content/plugins/news-crawler/
[2025-09-03 10:49:52] News Crawler Cron 実行開始
[2025-09-03 10:49:52] スクリプトディレクトリ: /Users/kantanpro/Desktop/KantanPro/wordpress/wp-content/plugins/news-crawler
[2025-09-03 10:49:52] WordPressパス: /Users/kantanpro/Desktop/KantanPro/wordpress/
[2025-09-03 10:49:52] プラグインパス: /Users/kantanpro/Desktop/KantanPro/wordpress/wp-content/plugins/news-crawler/
[2025-09-03 10:50:23] News Crawler Cron 実行開始
[2025-09-03 10:50:23] スクリプトディレクトリ: /Users/kantanpro/Desktop/KantanPro/wordpress/wp-content/plugins/news-crawler
[2025-09-03 10:50:23] WordPressパス: /Users/kantanpro/Desktop/KantanPro/wordpress/
[2025-09-03 10:50:23] プラグインパス: /Users/kantanpro/Desktop/KantanPro/wordpress/wp-content/plugins/news-crawler/
[2025-09-03 19:00:01] News Crawler Cron 実行開始
[2025-09-03 19:00:01] スクリプトディレクトリ: /var/www/html/wp-content/plugins/news-crawler
[2025-09-03 19:00:01] WordPressパス: /var/www/html/
[2025-09-03 19:00:01] プラグインパス: /var/www/html/wp-content/plugins/news-crawler/
[2025-09-04 19:00:01] News Crawler Cron 実行開始
[2025-09-04 19:00:01] スクリプトディレクトリ: /var/www/html/wp-content/plugins/news-crawler
[2025-09-04 19:00:01] WordPressパス: /var/www/html/
[2025-09-04 19:00:01] プラグインパス: /var/www/html/wp-content/plugins/news-crawler/
[2025-09-05 19:00:01] News Crawler Cron 実行開始
[2025-09-05 19:00:01] スクリプトディレクトリ: /var/www/html/wp-content/plugins/news-crawler
[2025-09-05 19:00:01] WordPressパス: /var/www/html/
[2025-09-05 19:00:01] プラグインパス: /var/www/html/wp-content/plugins/news-crawler/
[2025-09-06 19:00:01] News Crawler Cron 実行開始
[2025-09-06 19:00:01] スクリプトディレクトリ: /var/www/html/wp-content/plugins/news-crawler
[2025-09-06 19:00:01] WordPressパス: /var/www/html/
[2025-09-06 19:00:01] プラグインパス: /var/www/html/wp-content/plugins/news-crawler/
[2025-09-07 19:00:01] News Crawler Cron 実行開始
[2025-09-07 19:00:01] スクリプトディレクトリ: /var/www/html/wp-content/plugins/news-crawler
[2025-09-07 19:00:01] WordPressパス: /var/www/html/
[2025-09-07 19:00:01] プラグインパス: /var/www/html/wp-content/plugins/news-crawler/
[2025-09-08 19:00:01] News Crawler Cron 実行開始
[2025-09-08 19:00:01] スクリプトディレクトリ: /var/www/html/wp-content/plugins/news-crawler
[2025-09-08 19:00:01] WordPressパス: /var/www/html/
[2025-09-08 19:00:01] プラグインパス: /var/www/html/wp-content/plugins/news-crawler/
[2025-09-09 19:00:01] News Crawler Cron 実行開始
[2025-09-09 19:00:01] スクリプトディレクトリ: /var/www/html/wp-content/plugins/news-crawler
[2025-09-09 19:00:01] WordPressパス: /var/www/html/
[2025-09-09 19:00:01] プラグインパス: /var/www/html/wp-content/plugins/news-crawler/
[2025-09-10 19:00:01] News Crawler Cron 実行開始
[2025-09-10 19:00:01] スクリプトディレクトリ: /var/www/html/wp-content/plugins/news-crawler
[2025-09-10 19:00:01] WordPressパス: /var/www/html/
[2025-09-10 19:00:01] プラグインパス: /var/www/html/wp-content/plugins/news-crawler/
[2025-09-11 19:00:01] News Crawler Cron 実行開始
[2025-09-11 19:00:01] スクリプトディレクトリ: /var/www/html/wp-content/plugins/news-crawler
[2025-09-11 19:00:01] WordPressパス: /var/www/html/
[2025-09-11 19:00:01] プラグインパス: /var/www/html/wp-content/plugins/news-crawler/
[2025-09-12 07:35:16] News Crawler Cron 実行開始
[2025-09-12 07:35:16] スクリプトディレクトリ: /Users/kantanpro/Desktop/KantanPro/wordpress/wp-content/plugins/news-crawler
[2025-09-12 07:35:16] WordPressパス: /Users/kantanpro/Desktop/KantanPro/wordpress/
[2025-09-12 07:35:16] プラグインパス: /Users/kantanpro/Desktop/KantanPro/wordpress/wp-content/plugins/news-crawler/
[2025-09-12 07:35:16] wp-cli経由でNews Crawlerを実行中...
Debug (bootstrap): Processing bootstrap step: WP_CLI\Bootstrap\DeclareAbstractBaseCommand (0.029s)
Debug (bootstrap): Processing bootstrap step: WP_CLI\Bootstrap\IncludeFrameworkAutoloader (0.029s)
Debug (bootstrap): Processing bootstrap step: WP_CLI\Bootstrap\ConfigureRunner (0.029s)
Debug (bootstrap): Processing bootstrap step: WP_CLI\Bootstrap\IncludeRequestsAutoloader (0.029s)
Debug (bootstrap): Setting RequestsLibrary::$version to v2 (0.029s)
Debug (bootstrap): Setting RequestsLibrary::$source to wp-core (0.029s)
Debug (bootstrap): Setting RequestsLibrary::$class_name to \WpOrg\Requests\Requests (0.029s)
Debug (bootstrap): Processing bootstrap step: WP_CLI\Bootstrap\InitializeColorization (0.029s)
Debug (bootstrap): Processing bootstrap step: WP_CLI\Bootstrap\InitializeLogger (0.029s)
Debug (bootstrap): Processing bootstrap step: WP_CLI\Bootstrap\DefineProtectedCommands (0.029s)
Debug (bootstrap): Processing bootstrap step: WP_CLI\Bootstrap\LoadExecCommand (0.032s)
Debug (bootstrap): Processing bootstrap step: WP_CLI\Bootstrap\LoadRequiredCommand (0.033s)
Debug (bootstrap): Processing bootstrap step: WP_CLI\Bootstrap\IncludePackageAutoloader (0.034s)
Debug (bootstrap): Processing bootstrap step: WP_CLI\Bootstrap\IncludeFallbackAutoloader (0.035s)
Debug (bootstrap): Fallback autoloader paths: phar://wp-cli.phar/vendor/autoload.php (0.036s)
Debug (bootstrap): Loading detected autoloader: phar://wp-cli.phar/vendor/autoload.php (0.036s)
Debug (commands): Adding command: config (0.042s)
Debug (commands): Adding command: core (0.043s)
Debug (commands): Adding command: eval (0.043s)
Debug (commands): Adding command: eval-file (0.044s)
Debug (commands): Adding command: cache (0.044s)
Debug (commands): Adding command: transient (0.045s)
Debug (commands): Adding command: verify-checksums in core Namespace (0.045s)
Debug (commands): Adding command: plugin (0.045s)
Debug (commands): Adding command: verify-checksums in plugin Namespace (0.045s)
Debug (commands): Adding command: cron (0.046s)
Debug (commands): Adding command: event in cron Namespace (0.046s)
Debug (commands): Adding command: schedule in cron Namespace (0.047s)
Debug (commands): Adding command: db (0.05s)
Debug (commands): Adding command: embed (0.052s)
Debug (commands): Adding command: fetch in embed Namespace (0.052s)
Debug (commands): Adding command: provider in embed Namespace (0.053s)
Debug (commands): Adding command: handler in embed Namespace (0.053s)
Debug (commands): Adding command: cache in embed Namespace (0.053s)
Debug (commands): Adding command: comment (0.054s)
Debug (commands): Adding command: meta in comment Namespace (0.055s)
Debug (commands): Adding command: menu (0.055s)
Debug (commands): Adding command: item in menu Namespace (0.055s)
Debug (commands): Adding command: location in menu Namespace (0.056s)
Debug (commands): Deferring command: network meta (0.056s)
Debug (commands): Adding command: option (0.056s)
Debug (commands): Adding command: post (0.057s)
Debug (commands): Adding command: meta in post Namespace (0.058s)
Debug (commands): Adding command: term in post Namespace (0.058s)
Debug (commands): Adding command: post-type (0.058s)
Debug (commands): Adding command: site (0.059s)
Debug (commands): Adding command: meta in site Namespace (0.059s)
Debug (commands): Adding command: option in site Namespace (0.06s)
Debug (commands): Adding command: taxonomy (0.06s)
Debug (commands): Adding command: term (0.061s)
Debug (commands): Adding command: meta in term Namespace (0.061s)
Debug (commands): Adding command: user (0.062s)
Debug (commands): Adding command: application-password in user Namespace (0.062s)
Debug (commands): Adding command: meta in user Namespace (0.063s)
Debug (commands): Adding command: session in user Namespace (0.063s)
Debug (commands): Adding command: term in user Namespace (0.064s)
Debug (commands): Adding command: network (0.064s)
Debug (hooks): Processing hook "after_add_command:network" with 1 callbacks (0.065s)
Debug (hooks): On hook "after_add_command:network": Closure in file phar:///usr/local/bin/wp/vendor/wp-cli/wp-cli/php/class-wp-cli.php at line 695 (0.065s)
Debug (commands): Adding command: meta in network Namespace (0.065s)
Debug (commands): Adding command: export (0.065s)
Debug (commands): Adding command: plugin (0.068s)
Debug (commands): Adding command: auto-updates in plugin Namespace (0.068s)
Debug (commands): Adding command: theme (0.069s)
Debug (commands): Adding command: auto-updates in theme Namespace (0.069s)
Debug (commands): Adding command: mod in theme Namespace (0.07s)
Debug (commands): Adding command: i18n (0.07s)
Debug (commands): Adding command: make-pot in i18n Namespace (0.071s)
Debug (commands): Adding command: make-json in i18n Namespace (0.072s)
Debug (commands): Adding command: make-mo in i18n Namespace (0.072s)
Debug (commands): Adding command: update-po in i18n Namespace (0.072s)
Debug (commands): Adding command: import (0.073s)
Debug (commands): Deferring command: language core (0.073s)
Debug (commands): Deferring command: language plugin (0.074s)
Debug (commands): Deferring command: language theme (0.074s)
Debug (hooks): Immediately invoking on passed hook "after_add_command:site": Closure in file phar:///usr/local/bin/wp/vendor/wp-cli/language-command/language-command.php at line 39 (0.074s)
Debug (commands): Adding command: switch-language in site Namespace (0.074s)
Debug (commands): Adding command: language (0.074s)
Debug (hooks): Processing hook "after_add_command:language" with 3 callbacks (0.074s)
Debug (hooks): On hook "after_add_command:language": Closure in file phar:///usr/local/bin/wp/vendor/wp-cli/wp-cli/php/class-wp-cli.php at line 695 (0.074s)
Debug (commands): Adding command: core in language Namespace (0.074s)
Debug (hooks): On hook "after_add_command:language": Closure in file phar:///usr/local/bin/wp/vendor/wp-cli/wp-cli/php/class-wp-cli.php at line 695 (0.074s)
Debug (commands): Adding command: plugin in language Namespace (0.075s)
Debug (hooks): On hook "after_add_command:language": Closure in file phar:///usr/local/bin/wp/vendor/wp-cli/wp-cli/php/class-wp-cli.php at line 695 (0.075s)
Debug (commands): Adding command: theme in language Namespace (0.075s)
Debug (commands): Adding command: maintenance-mode (0.075s)
Debug (commands): Adding command: media (0.076s)
Debug (commands): Adding command: package (0.077s)
Debug (commands): Adding command: rewrite (0.078s)
Debug (commands): Adding command: rewrite (0.078s)
Debug (commands): Adding command: cap (0.078s)
Debug (commands): Adding command: role (0.079s)
Debug (commands): Adding command: scaffold (0.08s)
Debug (commands): Adding command: search-replace (0.082s)
Debug (commands): Adding command: server (0.082s)
Debug (commands): Adding command: shell (0.082s)
Debug (commands): Adding command: super-admin (0.083s)
Debug (commands): Adding command: widget (0.084s)
Debug (commands): Adding command: sidebar (0.084s)
Debug (bootstrap): Processing bootstrap step: WP_CLI\Bootstrap\RegisterFrameworkCommands (0.084s)
Debug (bootstrap): Adding framework command: phar://wp-cli.phar/vendor/wp-cli/wp-cli/php/commands/cli.php (0.084s)
Debug (commands): Adding command: cli (0.086s)
Debug (commands): Adding command: cache in cli Namespace (0.086s)
Debug (commands): Adding command: alias in cli Namespace (0.087s)
Debug (bootstrap): Adding framework command: phar://wp-cli.phar/vendor/wp-cli/wp-cli/php/commands/help.php (0.087s)
Debug (commands): Adding command: help (0.088s)
Debug (bootstrap): Processing bootstrap step: WP_CLI\Bootstrap\RegisterDeferredCommands (0.088s)
Debug (bootstrap): Processing bootstrap step: WP_CLI\Bootstrap\InitializeContexts (0.088s)
Debug (bootstrap): Processing bootstrap step: WP_CLI\Bootstrap\LaunchRunner (0.089s)
Debug (bootstrap): No readable global config found (0.089s)
Debug (bootstrap): Using project config: /Users/kantanpro/Desktop/KantanPro/wordpress/wp-cli.yml (0.089s)
Debug (bootstrap): argv: /usr/local/bin/wp --path=/Users/kantanpro/Desktop/KantanPro/wordpress/ eval 
            if (class_exists('NewsCrawlerGenreSettings')) {
                $genre_settings = NewsCrawlerGenreSettings::get_instance();
                $genre_settings->execute_auto_posting();
                echo 'News Crawler自動投稿を実行しました';
            } else {
                echo 'News CrawlerGenreSettingsクラスが見つかりません';
            }
         (0.067s)
Debug (bootstrap): ABSPATH defined: /Users/kantanpro/Desktop/KantanPro/wordpress/ (0.067s)
Debug (bootstrap): Set URL: http://localhost:8080 (0.067s)
Debug (hooks): Processing hook "before_run_command" with 1 callbacks (0.067s)
Debug (hooks): On hook "before_run_command": WP_CLI\Bootstrap\RegisterDeferredCommands->add_deferred_commands() (0.067s)
Debug (bootstrap): Running command: eval (0.067s)
Debug (context): Using context 'cli' (0.07s)
Debug (bootstrap): Begin WordPress load (0.07s)
Debug (bootstrap): wp-config.php path: /Users/kantanpro/Desktop/KantanPro/wordpress/wp-config.php (0.07s)
Debug (bootstrap): Looking for UTF-8 BOM (0.07s)
Debug (bootstrap): Looking for UTF-16 (BE) BOM (0.07s)
Debug (bootstrap): Looking for UTF-16 (LE) BOM (0.07s)
PHP Warning:  mysqli_real_connect(): php_network_getaddresses: getaddrinfo for db failed: nodename nor servname provided, or not known in /Users/kantanpro/Desktop/KantanPro/wordpress/wp-includes/class-wpdb.php on line 1988
Warning: mysqli_real_connect(): php_network_getaddresses: getaddrinfo for db failed: nodename nor servname provided, or not known in /Users/kantanpro/Desktop/KantanPro/wordpress/wp-includes/class-wpdb.php on line 1988
PHP Warning:  mysqli_real_connect(): (HY000/2002): php_network_getaddresses: getaddrinfo for db failed: nodename nor servname provided, or not known in /Users/kantanpro/Desktop/KantanPro/wordpress/wp-includes/class-wpdb.php on line 1988
Warning: mysqli_real_connect(): (HY000/2002): php_network_getaddresses: getaddrinfo for db failed: nodename nor servname provided, or not known in /Users/kantanpro/Desktop/KantanPro/wordpress/wp-includes/class-wpdb.php on line 1988
Error: `php_network_getaddresses: getaddrinfo for db failed: nodename nor servname provided, or not known`
データベース接続確立エラー
これは、`wp-config.php` ファイルのユーザー名とパスワードが正しくないか、あるいは `db:3306` のデータベースサーバーに接続できないかのどちらかを意味します。ホスティングサービスのデータベースサーバーがダウンしているかもしれません。

ユーザー名とパスワードに間違いはありませんか ?
正しいホスト名を入力しましたか ?
データベースサーバーは動作中ですか ?

こうした用語が何を意味しているのか分からない場合は、ホスティングサービスに連絡するべきでしょう。助けが必要であればいつでも WordPress サポートフォーラムを訪れることができます。 `php_network_getaddresses: getaddrinfo for db failed: nodename nor servname provided, or not known`
[2025-09-12 07:35:51] wp-cli経由でNews Crawlerを実行しました
[2025-09-12 07:35:51] News Crawler Cron 実行終了
---
[2025-09-12 19:00:01] News Crawler Cron 実行開始
[2025-09-12 19:00:01] スクリプトディレクトリ: /var/www/html/wp-content/plugins/news-crawler
[2025-09-12 19:00:01] WordPressパス: /var/www/html/
[2025-09-12 19:00:01] プラグインパス: /var/www/html/wp-content/plugins/news-crawler/
[2025-09-12 19:00:01] Docker環境で実行中...
[2025-09-12 19:00:01] Docker環境でwp-cliが見つかりません
[2025-09-12 19:00:01] News Crawler Cron 実行終了
---
[2025-09-13 19:00:01] News Crawler Cron 実行開始
[2025-09-13 19:00:01] スクリプトディレクトリ: /var/www/html/wp-content/plugins/news-crawler
[2025-09-13 19:00:01] WordPressパス: /var/www/html/
[2025-09-13 19:00:01] プラグインパス: /var/www/html/wp-content/plugins/news-crawler/
[2025-09-13 19:00:01] Docker環境で実行中...
[2025-09-13 19:00:01] Docker環境でwp-cliが見つかりません
[2025-09-13 19:00:01] News Crawler Cron 実行終了
---
[2025-09-14 18:22:06] News Crawler Cron 実行開始
[2025-09-14 18:22:06] スクリプトディレクトリ: /Users/kantanpro/Desktop/KantanPro/wordpress/wp-content/plugins/news-crawler
[2025-09-14 18:22:06] WordPressパス: /Users/kantanpro/Desktop/KantanPro/wordpress/
[2025-09-14 18:22:06] プラグインパス: /Users/kantanpro/Desktop/KantanPro/wordpress/wp-content/plugins/news-crawler/
[2025-09-14 18:22:06] wp-cli経由でNews Crawlerを実行中...
Debug (bootstrap): Processing bootstrap step: WP_CLI\Bootstrap\DeclareAbstractBaseCommand (0.028s)
Debug (bootstrap): Processing bootstrap step: WP_CLI\Bootstrap\IncludeFrameworkAutoloader (0.03s)
Debug (bootstrap): Processing bootstrap step: WP_CLI\Bootstrap\ConfigureRunner (0.03s)
Debug (bootstrap): Processing bootstrap step: WP_CLI\Bootstrap\IncludeRequestsAutoloader (0.03s)
Debug (bootstrap): Setting RequestsLibrary::$version to v2 (0.03s)
Debug (bootstrap): Setting RequestsLibrary::$source to wp-core (0.03s)
Debug (bootstrap): Setting RequestsLibrary::$class_name to \WpOrg\Requests\Requests (0.03s)
Debug (bootstrap): Processing bootstrap step: WP_CLI\Bootstrap\InitializeColorization (0.03s)
Debug (bootstrap): Processing bootstrap step: WP_CLI\Bootstrap\InitializeLogger (0.03s)
Debug (bootstrap): Processing bootstrap step: WP_CLI\Bootstrap\DefineProtectedCommands (0.031s)
Debug (bootstrap): Processing bootstrap step: WP_CLI\Bootstrap\LoadExecCommand (0.031s)
Debug (bootstrap): Processing bootstrap step: WP_CLI\Bootstrap\LoadRequiredCommand (0.032s)
Debug (bootstrap): Processing bootstrap step: WP_CLI\Bootstrap\IncludePackageAutoloader (0.032s)
Debug (bootstrap): Processing bootstrap step: WP_CLI\Bootstrap\IncludeFallbackAutoloader (0.033s)
Debug (bootstrap): Fallback autoloader paths: phar://wp-cli.phar/vendor/autoload.php (0.034s)
Debug (bootstrap): Loading detected autoloader: phar://wp-cli.phar/vendor/autoload.php (0.034s)
Debug (commands): Adding command: config (0.04s)
Debug (commands): Adding command: core (0.042s)
Debug (commands): Adding command: eval (0.042s)
Debug (commands): Adding command: eval-file (0.043s)
Debug (commands): Adding command: cache (0.043s)
Debug (commands): Adding command: transient (0.043s)
Debug (commands): Adding command: verify-checksums in core Namespace (0.044s)
Debug (commands): Adding command: plugin (0.044s)
Debug (commands): Adding command: verify-checksums in plugin Namespace (0.044s)
Debug (commands): Adding command: cron (0.044s)
Debug (commands): Adding command: event in cron Namespace (0.045s)
Debug (commands): Adding command: schedule in cron Namespace (0.045s)
Debug (commands): Adding command: db (0.047s)
Debug (commands): Adding command: embed (0.047s)
Debug (commands): Adding command: fetch in embed Namespace (0.047s)
Debug (commands): Adding command: provider in embed Namespace (0.047s)
Debug (commands): Adding command: handler in embed Namespace (0.048s)
Debug (commands): Adding command: cache in embed Namespace (0.048s)
Debug (commands): Adding command: comment (0.049s)
Debug (commands): Adding command: meta in comment Namespace (0.05s)
Debug (commands): Adding command: menu (0.05s)
Debug (commands): Adding command: item in menu Namespace (0.05s)
Debug (commands): Adding command: location in menu Namespace (0.051s)
Debug (commands): Deferring command: network meta (0.051s)
Debug (commands): Adding command: option (0.051s)
Debug (commands): Adding command: post (0.052s)
Debug (commands): Adding command: meta in post Namespace (0.052s)
Debug (commands): Adding command: term in post Namespace (0.053s)
Debug (commands): Adding command: post-type (0.053s)
Debug (commands): Adding command: site (0.054s)
Debug (commands): Adding command: meta in site Namespace (0.054s)
Debug (commands): Adding command: option in site Namespace (0.055s)
Debug (commands): Adding command: taxonomy (0.056s)
Debug (commands): Adding command: term (0.056s)
Debug (commands): Adding command: meta in term Namespace (0.057s)
Debug (commands): Adding command: user (0.058s)
Debug (commands): Adding command: application-password in user Namespace (0.059s)
Debug (commands): Adding command: meta in user Namespace (0.059s)
Debug (commands): Adding command: session in user Namespace (0.059s)
Debug (commands): Adding command: term in user Namespace (0.059s)
Debug (commands): Adding command: network (0.059s)
Debug (hooks): Processing hook "after_add_command:network" with 1 callbacks (0.059s)
Debug (hooks): On hook "after_add_command:network": Closure in file phar:///usr/local/bin/wp/vendor/wp-cli/wp-cli/php/class-wp-cli.php at line 695 (0.059s)
Debug (commands): Adding command: meta in network Namespace (0.06s)
Debug (commands): Adding command: export (0.06s)
Debug (commands): Adding command: plugin (0.062s)
Debug (commands): Adding command: auto-updates in plugin Namespace (0.062s)
Debug (commands): Adding command: theme (0.063s)
Debug (commands): Adding command: auto-updates in theme Namespace (0.064s)
Debug (commands): Adding command: mod in theme Namespace (0.064s)
Debug (commands): Adding command: i18n (0.064s)
Debug (commands): Adding command: make-pot in i18n Namespace (0.065s)
Debug (commands): Adding command: make-json in i18n Namespace (0.065s)
Debug (commands): Adding command: make-mo in i18n Namespace (0.065s)
Debug (commands): Adding command: update-po in i18n Namespace (0.066s)
Debug (commands): Adding command: import (0.066s)
Debug (commands): Deferring command: language core (0.067s)
Debug (commands): Deferring command: language plugin (0.067s)
Debug (commands): Deferring command: language theme (0.068s)
Debug (hooks): Immediately invoking on passed hook "after_add_command:site": Closure in file phar:///usr/local/bin/wp/vendor/wp-cli/language-command/language-command.php at line 39 (0.068s)
Debug (commands): Adding command: switch-language in site Namespace (0.068s)
Debug (commands): Adding command: language (0.068s)
Debug (hooks): Processing hook "after_add_command:language" with 3 callbacks (0.068s)
Debug (hooks): On hook "after_add_command:language": Closure in file phar:///usr/local/bin/wp/vendor/wp-cli/wp-cli/php/class-wp-cli.php at line 695 (0.068s)
Debug (commands): Adding command: core in language Namespace (0.068s)
Debug (hooks): On hook "after_add_command:language": Closure in file phar:///usr/local/bin/wp/vendor/wp-cli/wp-cli/php/class-wp-cli.php at line 695 (0.068s)
Debug (commands): Adding command: plugin in language Namespace (0.068s)
Debug (hooks): On hook "after_add_command:language": Closure in file phar:///usr/local/bin/wp/vendor/wp-cli/wp-cli/php/class-wp-cli.php at line 695 (0.068s)
Debug (commands): Adding command: theme in language Namespace (0.068s)
Debug (commands): Adding command: maintenance-mode (0.069s)
Debug (commands): Adding command: media (0.07s)
Debug (commands): Adding command: package (0.072s)
Debug (commands): Adding command: rewrite (0.072s)
Debug (commands): Adding command: rewrite (0.073s)
Debug (commands): Adding command: cap (0.073s)
Debug (commands): Adding command: role (0.074s)
Debug (commands): Adding command: scaffold (0.075s)
Debug (commands): Adding command: search-replace (0.076s)
Debug (commands): Adding command: server (0.077s)
Debug (commands): Adding command: shell (0.077s)
Debug (commands): Adding command: super-admin (0.077s)
Debug (commands): Adding command: widget (0.078s)
Debug (commands): Adding command: sidebar (0.078s)
Debug (bootstrap): Processing bootstrap step: WP_CLI\Bootstrap\RegisterFrameworkCommands (0.078s)
Debug (bootstrap): Adding framework command: phar://wp-cli.phar/vendor/wp-cli/wp-cli/php/commands/cli.php (0.078s)
Debug (commands): Adding command: cli (0.079s)
Debug (commands): Adding command: cache in cli Namespace (0.08s)
Debug (commands): Adding command: alias in cli Namespace (0.081s)
Debug (bootstrap): Adding framework command: phar://wp-cli.phar/vendor/wp-cli/wp-cli/php/commands/help.php (0.081s)
Debug (commands): Adding command: help (0.082s)
Debug (bootstrap): Processing bootstrap step: WP_CLI\Bootstrap\RegisterDeferredCommands (0.082s)
Debug (bootstrap): Processing bootstrap step: WP_CLI\Bootstrap\InitializeContexts (0.082s)
Debug (bootstrap): Processing bootstrap step: WP_CLI\Bootstrap\LaunchRunner (0.082s)
Debug (bootstrap): No readable global config found (0.082s)
Debug (bootstrap): Using project config: /Users/kantanpro/Desktop/KantanPro/wordpress/wp-cli.yml (0.082s)
Debug (bootstrap): argv: /usr/local/bin/wp --path=/Users/kantanpro/Desktop/KantanPro/wordpress/ eval 
        if (class_exists('NewsCrawlerGenreSettings')) {
            $genre_settings = NewsCrawlerGenreSettings::get_instance();
            $genre_settings->execute_auto_posting();
            echo 'News Crawler自動投稿を実行しました';
        } else {
            echo 'News CrawlerGenreSettingsクラスが見つかりません';
        }
     (0.082s)
Debug (bootstrap): ABSPATH defined: /Users/kantanpro/Desktop/KantanPro/wordpress/ (0.084s)
Debug (bootstrap): Set URL: http://localhost:8080 (0.084s)
Debug (hooks): Processing hook "before_run_command" with 1 callbacks (0.085s)
Debug (hooks): On hook "before_run_command": WP_CLI\Bootstrap\RegisterDeferredCommands->add_deferred_commands() (0.085s)
Debug (bootstrap): Running command: eval (0.085s)
Debug (context): Using context 'cli' (0.089s)
Debug (bootstrap): Begin WordPress load (0.089s)
Debug (bootstrap): wp-config.php path: /Users/kantanpro/Desktop/KantanPro/wordpress/wp-config.php (0.089s)
Debug (bootstrap): Looking for UTF-8 BOM (0.089s)
Debug (bootstrap): Looking for UTF-16 (BE) BOM (0.089s)
Debug (bootstrap): Looking for UTF-16 (LE) BOM (0.089s)
PHP Warning:  mysqli_real_connect(): php_network_getaddresses: getaddrinfo for db failed: nodename nor servname provided, or not known in /Users/kantanpro/Desktop/KantanPro/wordpress/wp-includes/class-wpdb.php on line 1988
Warning: mysqli_real_connect(): php_network_getaddresses: getaddrinfo for db failed: nodename nor servname provided, or not known in /Users/kantanpro/Desktop/KantanPro/wordpress/wp-includes/class-wpdb.php on line 1988
PHP Warning:  mysqli_real_connect(): (HY000/2002): php_network_getaddresses: getaddrinfo for db failed: nodename nor servname provided, or not known in /Users/kantanpro/Desktop/KantanPro/wordpress/wp-includes/class-wpdb.php on line 1988
Warning: mysqli_real_connect(): (HY000/2002): php_network_getaddresses: getaddrinfo for db failed: nodename nor servname provided, or not known in /Users/kantanpro/Desktop/KantanPro/wordpress/wp-includes/class-wpdb.php on line 1988
Error: `php_network_getaddresses: getaddrinfo for db failed: nodename nor servname provided, or not known`
データベース接続確立エラー
これは、`wp-config.php` ファイルのユーザー名とパスワードが正しくないか、あるいは `db:3306` のデータベースサーバーに接続できないかのどちらかを意味します。ホスティングサービスのデータベースサーバーがダウンしているかもしれません。

ユーザー名とパスワードに間違いはありませんか ?
正しいホスト名を入力しましたか ?
データベースサーバーは動作中ですか ?

こうした用語が何を意味しているのか分からない場合は、ホスティングサービスに連絡するべきでしょう。助けが必要であればいつでも WordPress サポートフォーラムを訪れることができます。 `php_network_getaddresses: getaddrinfo for db failed: nodename nor servname provided, or not known`
[2025-09-14 18:22:07] wp-cli実行でエラー
[2025-09-14 18:22:07] wp-cli経由でNews Crawlerを実行しました
[2025-09-14 18:22:07] News Crawler Cron 実行終了
---
[2025-09-14 18:22:48] News Crawler Cron 実行開始
[2025-09-14 18:22:48] スクリプトディレクトリ: /Users/kantanpro/Desktop/KantanPro/wordpress/wp-content/plugins/news-crawler
[2025-09-14 18:22:48] WordPressパス: /Users/kantanpro/Desktop/KantanPro/wordpress/
[2025-09-14 18:22:48] プラグインパス: /Users/kantanpro/Desktop/KantanPro/wordpress/wp-content/plugins/news-crawler/
[2025-09-14 18:22:48] Dockerホスト環境を検出しました
[2025-09-14 18:22:48] Docker環境でdocker exec経由でNews Crawlerを実行中...
[2025-09-14 18:22:48] 使用するコンテナ: KantanPro_wordpress
[PHP] Docker環境での実行を開始
[PHP] WordPressディレクトリ: /var/www/html
[PHP] WordPress読み込み完了
[PHP] NewsCrawlerGenreSettingsクラスをチェック中
[PHP] クラスが見つかりました。インスタンスを取得中
[PHP] 自動投稿を実行中
[PHP] News Crawler自動投稿を実行しました
[2025-09-14 18:22:50] Docker exec exit status: 0
[2025-09-14 18:22:50] Docker環境でNews Crawlerを実行しました
[2025-09-14 18:22:50] News Crawler Cron 実行終了
---
[2025-09-14 19:00:01] News Crawler Cron 実行開始
[2025-09-14 19:00:01] スクリプトディレクトリ: /var/www/html/wp-content/plugins/news-crawler
[2025-09-14 19:00:01] WordPressパス: /var/www/html/
[2025-09-14 19:00:01] プラグインパス: /var/www/html/wp-content/plugins/news-crawler/
[2025-09-14 19:00:01] PHP直接実行でNews Crawlerを実行中...
[2025-09-14 19:00:01] 使用するPHPコマンド: /usr/local/bin/php
[PHP] 実行開始 - ディレクトリ: /var/www/html
[PHP] wp-load.phpを発見: /var/www/html/wp-load.php
[PHP] wp-load.php読み込み開始: /var/www/html/wp-load.php
[PHP] WordPress読み込み完了
[PHP] WordPress関数確認中
[PHP] get_option関数: 利用可能
[PHP] サイトURL: http://localhost:8081
[PHP] NewsCrawlerGenreSettingsクラスをチェック中
[PHP] クラスが見つかりました。インスタンスを取得中
[PHP] インスタンス取得成功
[PHP] 自動投稿を実行中
[PHP] 自動投稿実行結果: NULL
[PHP] News Crawler自動投稿を実行しました
[PHP] スクリプト実行完了
[2025-09-14 19:00:02] PHP exit status: 0
[2025-09-14 19:00:02] PHP直接実行でNews Crawlerを実行しました
[2025-09-14 19:00:02] News Crawler Cron 実行終了
---
[2025-09-15 08:36:35] News Crawler Cron 実行開始
[2025-09-15 08:36:35] スクリプトディレクトリ: /Users/kantanpro/Desktop/KantanPro/wordpress/wp-content/plugins/news-crawler
[2025-09-15 08:36:36] WordPressパス: /Users/kantanpro/Desktop/KantanPro/wordpress/
[2025-09-15 08:36:36] プラグインパス: /Users/kantanpro/Desktop/KantanPro/wordpress/wp-content/plugins/news-crawler/
[2025-09-15 08:36:36] Docker環境でdocker exec経由でNews Crawlerを実行中...
[2025-09-15 08:36:36] 使用するコンテナ: KantanPro_wordpress
[PHP] Docker環境での実行を開始
[PHP] WordPressディレクトリ: /var/www/html
[PHP] WordPress読み込み完了
[PHP] NewsCrawlerGenreSettingsクラスをチェック中
[PHP] クラスが見つかりました。インスタンスを取得中
[PHP] 自動投稿を実行中
[PHP] 自動投稿有効ジャンル: テクノロジー (ID: genre_68aaf75b319a2)
[PHP] デバッグ情報: {"genre_count":5,"auto_posting_enabled":1}
[PHP] 自動投稿実行結果: array (
  'executed_count' => 0,
  'skipped_count' => 5,
  'total_genres' => 5,
)
[PHP] News Crawler自動投稿を実行しました
[2025-09-15 08:36:37] Docker exec exit status: 0
[2025-09-15 08:36:37] Docker環境でNews Crawlerを実行しました
[2025-09-15 08:36:37] News Crawler Cron 実行終了
---
[2025-09-15 19:00:01] News Crawler Cron 実行開始
[2025-09-15 19:00:01] スクリプトディレクトリ: /var/www/html/wp-content/plugins/news-crawler
[2025-09-15 19:00:01] WordPressパス: /var/www/html/
[2025-09-15 19:00:01] プラグインパス: /var/www/html/wp-content/plugins/news-crawler/
[2025-09-15 19:00:01] PHP直接実行でNews Crawlerを実行中...
[2025-09-15 19:00:02] 使用するPHPコマンド: /usr/local/bin/php (SAPI=cli)
[2025-09-15 19:00:02] PHPスクリプト実行前の状態:
[2025-09-15 19:00:02] - 現在のディレクトリ: /var/www/html
[2025-09-15 19:00:02] - PHPファイルのサイズ: 3857
[2025-09-15 19:00:02] - PHPファイルの存在確認: 存在する
[2025-09-15 19:00:02] PHPスクリプト実行開始...
[PHP] 実行開始 - ディレクトリ: /var/www/html
[PHP] PHP版本: 8.3.23
[PHP] 現在時刻: 2025-09-15 19:00:02
[PHP] メモリ制限: 256M
[PHP] wp-load.phpを発見: /var/www/html/wp-load.php
[PHP] wp-load.php読み込み開始: /var/www/html/wp-load.php
[PHP] WordPress読み込み完了
[PHP] WordPress関数確認中
[PHP] get_option関数: 利用可能
[PHP] サイトURL: http://localhost:8081
[PHP] NewsCrawlerGenreSettingsクラスをチェック中
[PHP] クラスが見つかりました。インスタンスを取得中
[PHP] インスタンス取得成功
[PHP] 自動投稿を実行中
[PHP] 自動投稿有効ジャンル: テクノロジー (ID: genre_68aaf75b319a2)
[PHP] デバッグ情報: {"genre_count":5,"auto_posting_enabled":1}
[PHP] 自動投稿実行結果: array (
  'executed_count' => 1,
  'skipped_count' => 4,
  'total_genres' => 5,
)
[PHP] News Crawler自動投稿を実行しました
[PHP] スクリプト実行完了
[2025-09-15 19:00:57] PHPスクリプト実行完了
[2025-09-15 19:00:57] PHP exit status: 0
[2025-09-15 19:00:57] PHP直接実行でNews Crawlerを実行しました
[2025-09-15 19:00:57] News Crawler Cron 実行終了
---
[2025-09-16 10:08:20] News Crawler Cron 実行開始
[2025-09-16 10:08:20] スクリプトディレクトリ: /Users/kantanpro/Desktop/KantanPro/wordpress/wp-content/plugins/news-crawler
[2025-09-16 10:08:20] WordPressパス: /Users/kantanpro/Desktop/KantanPro/wordpress/
[2025-09-16 10:08:20] プラグインパス: /Users/kantanpro/Desktop/KantanPro/wordpress/wp-content/plugins/news-crawler/
[2025-09-16 10:08:20] Docker環境でdocker exec経由でNews Crawlerを実行中...
[2025-09-16 10:08:20] 使用するコンテナ: KantanPro_wordpress
[PHP] Docker環境での実行を開始
[PHP] WordPressディレクトリ: /var/www/html
[PHP] WordPress読み込み完了
[PHP] NewsCrawlerGenreSettingsクラスをチェック中
[PHP] クラスが見つかりました。インスタンスを取得中
[PHP] 自動投稿を実行中
[PHP] News Crawler自動投稿を実行しました
[2025-09-16 10:08:22] Docker exec exit status: 0
[2025-09-16 10:08:22] Docker環境でNews Crawlerを実行しました
[2025-09-16 10:08:22] News Crawler Cron 実行終了
---
